2026-03-20T10:56:12.111Z JOT-0001 item.created "Make docs self-contained, reduce umbrella references" [horst.schwarz@joydev.com]
2026-03-20T10:56:16.550Z JOT-0001 item.status_changed "new -> in-progress" [horst.schwarz@joydev.com]
2026-03-20T11:01:00.503Z JOT-0001 comment.added "Updated Vision.md, Architecture.md, and CONTRIBUTING.md to be self-contained. Removed inline umbrella references, added minimal 'Related' sections at the end. Included YAML schema evolution, versioning, backlog workflow, and build matrix directly. No business content." [horst.schwarz@joydev.com]
2026-03-20T11:01:03.476Z JOT-0001 item.status_changed "in-progress -> closed" [horst.schwarz@joydev.com]
2026-03-20T11:09:08.998Z JOT-MS-01 milestone.created "Jot im Terminal" [horst.schwarz@joydev.com]
2026-03-20T11:09:12.565Z JOT-MS-02 milestone.created "Sync and first WebUI" [horst.schwarz@joydev.com]
2026-03-20T11:09:12.567Z JOT-MS-03 milestone.created "Apple Reminders and Notifications" [horst.schwarz@joydev.com]
2026-03-20T11:09:16.560Z JOT-0002 item.created "Jot CLI on joy-core base" [horst.schwarz@joydev.com]
2026-03-20T11:09:25.730Z JOT-0003 item.created "Extend joy-core Item with due_date and reminder" [horst.schwarz@joydev.com]
2026-03-20T11:09:25.732Z JOT-0004 item.created "jot-core: Todo struct with serde flatten on Item" [horst.schwarz@joydev.com]
2026-03-20T11:09:25.734Z JOT-0005 item.created "jot-core: RRULE recurrence model" [horst.schwarz@joydev.com]
2026-03-20T11:09:25.735Z JOT-0006 item.created "jot-core: completion logic with next-occurrence" [horst.schwarz@joydev.com]
2026-03-20T11:09:32.092Z JOT-0007 item.created "jot add: create todo with title, due, priority, tags" [horst.schwarz@joydev.com]
2026-03-20T11:09:32.094Z JOT-0008 item.created "jot ls: list open todos with filters" [horst.schwarz@joydev.com]
2026-03-20T11:09:32.095Z JOT-0009 item.created "jot show: detail view of a todo" [horst.schwarz@joydev.com]
2026-03-20T11:09:32.097Z JOT-000A item.created "jot done: complete todo, handle recurrence" [horst.schwarz@joydev.com]
2026-03-20T11:09:32.099Z JOT-000B item.created "jot edit: modify title, due, priority, tags" [horst.schwarz@joydev.com]
2026-03-20T11:09:32.100Z JOT-000C item.created "jot rm: delete a todo" [horst.schwarz@joydev.com]
2026-03-20T11:09:40.773Z JOT-000D item.created "Shell completions for jot CLI (bash, zsh, fish)" [horst.schwarz@joydev.com]
2026-03-20T11:09:40.775Z JOT-000E item.created "Publish jot-core and jot-cli to crates.io" [horst.schwarz@joydev.com]
2026-03-20T11:09:40.776Z JOT-000F item.created "README.md with installation, quickstart, examples" [horst.schwarz@joydev.com]
2026-03-20T11:09:40.778Z JOT-0010 item.created "Getting Started tutorial in docs/user/" [horst.schwarz@joydev.com]
2026-03-20T11:09:45.857Z JOT-0004 dep.added "JOT-0003" [horst.schwarz@joydev.com]
2026-03-20T11:09:45.859Z JOT-0005 dep.added "JOT-0004" [horst.schwarz@joydev.com]
2026-03-20T11:09:45.861Z JOT-0006 dep.added "JOT-0005" [horst.schwarz@joydev.com]
2026-03-20T11:09:45.863Z JOT-0007 dep.added "JOT-0004" [horst.schwarz@joydev.com]
2026-03-20T11:09:45.864Z JOT-0008 dep.added "JOT-0004" [horst.schwarz@joydev.com]
2026-03-20T11:09:45.866Z JOT-0009 dep.added "JOT-0004" [horst.schwarz@joydev.com]
2026-03-20T11:09:45.868Z JOT-000A dep.added "JOT-0006" [horst.schwarz@joydev.com]
2026-03-20T11:09:45.870Z JOT-000B dep.added "JOT-0004" [horst.schwarz@joydev.com]
2026-03-20T11:09:45.872Z JOT-000C dep.added "JOT-0004" [horst.schwarz@joydev.com]
2026-03-20T11:09:52.669Z JOT-0011 item.created "Jot sync and web access" [horst.schwarz@joydev.com]
2026-03-20T11:09:52.670Z JOT-0012 item.created "jot sync: push and pull via Git remote" [horst.schwarz@joydev.com]
2026-03-20T11:09:52.672Z JOT-0013 item.created "Integrate jot-core into platform REST API" [horst.schwarz@joydev.com]
2026-03-20T11:09:52.673Z JOT-0014 item.created "Integrate Jot todo list into web frontend" [horst.schwarz@joydev.com]
2026-03-20T11:09:52.675Z JOT-0015 item.created "Integrate Jot todo detail and editing into web" [horst.schwarz@joydev.com]
2026-03-20T11:09:52.676Z JOT-0016 item.created "YAML-aware Git merge driver for .jot files" [horst.schwarz@joydev.com]
2026-03-20T11:09:52.678Z JOT-0017 item.created "Update README and tutorial with sync and web" [horst.schwarz@joydev.com]
2026-03-20T11:09:56.032Z JOT-0013 dep.added "JOT-0012" [horst.schwarz@joydev.com]
2026-03-20T11:09:56.034Z JOT-0014 dep.added "JOT-0013" [horst.schwarz@joydev.com]
2026-03-20T11:09:56.036Z JOT-0015 dep.added "JOT-0014" [horst.schwarz@joydev.com]
2026-03-20T11:09:56.038Z JOT-0016 dep.added "JOT-0012" [horst.schwarz@joydev.com]
2026-03-20T11:10:03.320Z JOT-0018 item.created "CalDAV and notifications for Jot" [horst.schwarz@joydev.com]
2026-03-20T11:10:03.322Z JOT-0019 item.created "VTODO mapping: Jot YAML to/from iCalendar VTODO" [horst.schwarz@joydev.com]
2026-03-20T11:10:03.324Z JOT-001A item.created "Integrate VTODO mapping into CalDAV server" [horst.schwarz@joydev.com]
2026-03-20T11:10:03.325Z JOT-001B item.created "VALARM mapping for reminders" [horst.schwarz@joydev.com]
2026-03-20T11:10:03.327Z JOT-001C item.created "RRULE passthrough for recurring todos via CalDAV" [horst.schwarz@joydev.com]
2026-03-20T11:10:03.329Z JOT-001D item.created "Integrate Jot into notification service" [horst.schwarz@joydev.com]
2026-03-20T11:10:03.330Z JOT-001E item.created "E2E test: roundtrip jot CLI to Apple Reminders" [horst.schwarz@joydev.com]
2026-03-20T11:10:03.332Z JOT-001F item.created "Update tutorial with Apple Reminders setup guide" [horst.schwarz@joydev.com]
2026-03-20T11:10:07.184Z JOT-001A dep.added "JOT-0019" [horst.schwarz@joydev.com]
2026-03-20T11:10:07.186Z JOT-001B dep.added "JOT-0019" [horst.schwarz@joydev.com]
2026-03-20T11:10:07.188Z JOT-001C dep.added "JOT-0019" [horst.schwarz@joydev.com]
2026-03-20T11:10:07.190Z JOT-001E dep.added "JOT-001A" [horst.schwarz@joydev.com]
2026-03-20T11:10:07.191Z JOT-001E dep.added "JOT-001B" [horst.schwarz@joydev.com]
2026-03-20T11:10:07.194Z JOT-001E dep.added "JOT-001C" [horst.schwarz@joydev.com]
2026-03-20T11:11:57.007Z JOT-0012 item.updated "jot sync: push and pull via Git remote" [horst.schwarz@joydev.com]
2026-03-20T11:11:57.008Z JOT-0013 item.updated "Integrate jot-core into platform REST API" [horst.schwarz@joydev.com]
2026-03-20T11:11:57.010Z JOT-0014 item.updated "Integrate Jot todo list into web frontend" [horst.schwarz@joydev.com]
2026-03-20T11:11:57.011Z JOT-0015 item.updated "Integrate Jot todo detail and editing into web" [horst.schwarz@joydev.com]
2026-03-20T11:11:57.013Z JOT-0016 item.updated "YAML-aware Git merge driver for .jot files" [horst.schwarz@joydev.com]
2026-03-20T11:11:57.014Z JOT-0017 item.updated "Update README and tutorial with sync and web" [horst.schwarz@joydev.com]
2026-03-20T11:12:00.483Z JOT-0019 item.updated "VTODO mapping: Jot YAML to/from iCalendar VTODO" [horst.schwarz@joydev.com]
2026-03-20T11:12:00.485Z JOT-001A item.updated "Integrate VTODO mapping into CalDAV server" [horst.schwarz@joydev.com]
2026-03-20T11:12:00.486Z JOT-001B item.updated "VALARM mapping for reminders" [horst.schwarz@joydev.com]
2026-03-20T11:12:00.488Z JOT-001C item.updated "RRULE passthrough for recurring todos via CalDAV" [horst.schwarz@joydev.com]
2026-03-20T11:12:00.489Z JOT-001D item.updated "Integrate Jot into notification service" [horst.schwarz@joydev.com]
2026-03-20T11:12:00.491Z JOT-001E item.updated "E2E test: roundtrip jot CLI to Apple Reminders" [horst.schwarz@joydev.com]
2026-03-20T11:12:00.492Z JOT-001F item.updated "Update tutorial with Apple Reminders setup guide" [horst.schwarz@joydev.com]
